<?xml version="1.0" encoding="UTF-8"?>
<!-- Generated by org.testng.reporters.JUnitXMLReporter -->
<testsuite ignored="1" hostname="DESKTOP-47P2MTB" failures="0" tests="1" name="Default test" time="45.303" errors="0" timestamp="2025-01-04T14:17:50 IST">
  <testcase classname="com.swagLabs.tests.CartPageTest" name="verifyUserCanCheckOut" time="39.834"/>
  <testcase classname="com.swagLabs.tests.CartPageTest" name="verifyUserCanRemoveItemsFromCart" time="0.0">
    <ignored/>
  </testcase> <!-- verifyUserCanRemoveItemsFromCart -->
</testsuite> <!-- Default test -->
