<?xml version="1.0" encoding="UTF-8"?>
<!-- Generated by org.testng.reporters.JUnitXMLReporter -->
<testsuite ignored="1" hostname="DESKTOP-47P2MTB" failures="0" tests="1" name="Default test" time="21.45" errors="0" timestamp="2025-05-30T12:40:58 IST">
  <testcase classname="com.swagLabs.tests.NaukriProfileUpdateTest" name="webTableTest" time="21.377"/>
  <testcase classname="com.swagLabs.tests.NaukriProfileUpdateTest" name="updateNaukriProfile" time="0.0">
    <ignored/>
  </testcase> <!-- updateNaukriProfile -->
</testsuite> <!-- Default test -->
