<?xml version="1.0" encoding="UTF-8"?>
<!-- Generated by org.testng.reporters.JUnitXMLReporter -->
<testsuite ignored="0" hostname="DESKTOP-47P2MTB" failures="3" tests="13" name="Test" time="546.075" errors="0" timestamp="2025-01-10T13:25:43 IST">
  <testcase classname="com.swagLabs.tests.CartPageTest" name="verifyUserCanRemoveItemsFromCart" time="39.496"/>
  <testcase classname="com.swagLabs.tests.CartPageTest" name="verifyUserCanCheckOut" time="40.328"/>
  <testcase classname="com.swagLabs.tests.EndToEndTest" name="verifyEndToEndPurchasingFunctionality" time="62.589"/>
  <testcase classname="com.swagLabs.tests.CheckoutOverviewPageTest" name="verifyCheckoutFinishFunctionality" time="0.0">
    <failure type="org.testng.TestNGException" message="
Cannot inject @Test annotated Method [verifyCheckoutFinishFunctionality] with [class java.lang.String, class java.lang.String, class java.lang.String, class java.lang.String].
For more information on native dependency injection please refer to https://testng.org/#_dependency_injection">
      <![CDATA[org.testng.TestNGException: 
Cannot inject @Test annotated Method [verifyCheckoutFinishFunctionality] with [class java.lang.String, class java.lang.String, class java.lang.String, class java.lang.String].
For more information on native dependency injection please refer to https://testng.org/#_dependency_injection
at java.base/java.util.ArrayList.forEach(ArrayList.java:1511)
... Removed 26 stack frames]]>
    </failure>
  </testcase> <!-- verifyCheckoutFinishFunctionality -->
  <testcase classname="com.swagLabs.tests.InventoryPageTest" name="verifyUserIsAbleToNavigateToSocialMediaSites" time="64.374"/>
  <testcase classname="com.swagLabs.tests.InventoryPageTest" name="verifyUserCanAddItemToCart" time="23.73"/>
  <testcase classname="com.swagLabs.tests.CheckoutCompletepageTest" name="verifyCheckoutSuccessMessage" time="57.411"/>
  <testcase classname="com.swagLabs.tests.CheckoutPageTest" name="verifyCheckoutFunctionality" time="51.977">
    <failure type="java.lang.AssertionError" message="Assertion error occurred: Page Url should match. expected [https://www.saucedemo.com/checkout-complete.html] but found [https://www.saucedemo.com/checkout-step-two.html]">
      <![CDATA[java.lang.AssertionError: Assertion error occurred: Page Url should match. expected [https://www.saucedemo.com/checkout-complete.html] but found [https://www.saucedemo.com/checkout-step-two.html]
at com.swagLabs.tests.CheckoutPageTest.verifyCheckoutFunctionality(CheckoutPageTest.java:89)
at java.base/java.util.ArrayList.forEach(ArrayList.java:1511)
... Removed 28 stack frames]]>
    </failure>
  </testcase> <!-- verifyCheckoutFunctionality -->
  <testcase classname="com.swagLabs.tests.CheckoutPageTest" name="verifyCheckoutFunctionality" time="52.311"/>
  <testcase classname="com.swagLabs.tests.LoginPageTest" name="checkLoginFunctionality" time="18.715"/>
  <testcase classname="com.swagLabs.tests.LoginPageTest" name="checkLoginFunctionality" time="19.227">
    <failure type="java.lang.AssertionError" message="null">
      <![CDATA[java.lang.AssertionError: null
at com.swagLabs.tests.LoginPageTest.checkLoginFunctionality(LoginPageTest.java:93)
at java.base/java.util.ArrayList.forEach(ArrayList.java:1511)
... Removed 29 stack frames]]>
    </failure>
  </testcase> <!-- checkLoginFunctionality -->
  <testcase classname="com.swagLabs.tests.LoginPageTest" name="checkLoginFunctionality" time="18.697"/>
  <testcase classname="com.swagLabs.tests.LoginPageTest" name="checkLoginFunctionality" time="23.825"/>
</testsuite> <!-- Test -->
