<?xml version="1.0" encoding="UTF-8"?>
<!-- Generated by org.testng.reporters.JUnitXMLReporter -->
<testsuite ignored="0" hostname="DESKTOP-47P2MTB" failures="1" tests="1" name="Test 4" time="0.521" errors="0" timestamp="2025-01-09T11:46:12 IST">
  <testcase classname="com.swagLabs.tests.LoginPageTest" name="checkLoginFunctionality" time="0.0">
    <failure type="java.lang.RuntimeException" message="java.io.FileNotFoundException:  (The system cannot find the path specified)">
      <![CDATA[java.lang.RuntimeException: java.io.FileNotFoundException:  (The system cannot find the path specified)
at java.base/java.util.ArrayList.forEach(ArrayList.java:1511)
at java.base/java.util.concurrent.FutureTask.run(FutureTask.java:264)
at java.base/java.util.concurrent.ThreadPoolExecutor.runWorker(ThreadPoolExecutor.java:1136)
at java.base/java.util.concurrent.ThreadPoolExecutor$Worker.run(ThreadPoolExecutor.java:635)
at java.base/java.lang.Thread.run(Thread.java:833)
Caused by: java.io.FileNotFoundException:  (The system cannot find the path specified)
at java.base/java.io.FileInputStream.open0(Native Method)
at java.base/java.io.FileInputStream.open(FileInputStream.java:216)
at java.base/java.io.FileInputStream.<init>(FileInputStream.java:157)
at java.base/java.io.FileInputStream.<init>(FileInputStream.java:111)
at com.swagLabs.utilities.XLUtility.getRowCount(XLUtility.java:77)
at com.swagLabs.utilities.DataProviders.getDataFromExcel(DataProviders.java:24)
at com.swagLabs.utilities.DataProviders.loginDataProvider(DataProviders.java:49)
... 19 more
... Removed 22 stack frames]]>
    </failure>
  </testcase> <!-- checkLoginFunctionality -->
</testsuite> <!-- Test 4 -->
