<?xml version="1.0" encoding="UTF-8"?>
<!-- Generated by org.testng.reporters.JUnitXMLReporter -->
<testsuite ignored="0" hostname="DESKTOP-47P2MTB" failures="4" tests="13" name="Test" time="465.577" errors="0" timestamp="2025-01-14T19:03:57 IST">
  <testcase classname="com.swagLabs.tests.CartPageTest" name="verifyUserCanRemoveItemsFromCart" time="39.591"/>
  <testcase classname="com.swagLabs.tests.CartPageTest" name="verifyUserCanCheckOut" time="39.808"/>
  <testcase classname="com.swagLabs.tests.EndToEndTest" name="verifyEndToEndPurchasingFunctionality" time="53.121">
    <failure type="java.lang.RuntimeException" message="java.lang.IllegalArgumentException: Invalid result argument &amp;apos;Page url should match.&amp;apos;. Use &amp;apos;pass&amp;apos; or &amp;apos;fail&amp;apos;.">
      <![CDATA[java.lang.RuntimeException: java.lang.IllegalArgumentException: Invalid result argument 'Page url should match.'. Use 'pass' or 'fail'.
at com.swagLabs.utilities.ExceptionHandler.handleException(ExceptionHandler.java:9)
at com.swagLabs.tests.EndToEndTest.verifyEndToEndPurchasingFunctionality(EndToEndTest.java:82)
at java.base/java.util.ArrayList.forEach(ArrayList.java:1511)
Caused by: java.lang.IllegalArgumentException: Invalid result argument 'Page url should match.'. Use 'pass' or 'fail'.
at com.swagLabs.utilities.Validator.verifyUrl(Validator.java:23)
at com.swagLabs.tests.EndToEndTest.verifyEndToEndPurchasingFunctionality(EndToEndTest.java:71)
... 28 more
... Removed 27 stack frames]]>
    </failure>
  </testcase> <!-- verifyEndToEndPurchasingFunctionality -->
  <testcase classname="com.swagLabs.tests.CheckoutOverviewPageTest" name="verifyCheckoutFinishFunctionality" time="0.0">
    <failure type="org.testng.TestNGException" message="
Cannot inject @Test annotated Method [verifyCheckoutFinishFunctionality] with [class java.lang.String, class java.lang.String, class java.lang.String, class java.lang.String].
For more information on native dependency injection please refer to https://testng.org/#_dependency_injection">
      <![CDATA[org.testng.TestNGException: 
Cannot inject @Test annotated Method [verifyCheckoutFinishFunctionality] with [class java.lang.String, class java.lang.String, class java.lang.String, class java.lang.String].
For more information on native dependency injection please refer to https://testng.org/#_dependency_injection
at java.base/java.util.ArrayList.forEach(ArrayList.java:1511)
... Removed 26 stack frames]]>
    </failure>
  </testcase> <!-- verifyCheckoutFinishFunctionality -->
  <testcase classname="com.swagLabs.tests.InventoryPageTest" name="verifyUserIsAbleToNavigateToSocialMediaSites" time="59.327"/>
  <testcase classname="com.swagLabs.tests.InventoryPageTest" name="verifyUserCanAddItemToCart" time="23.837"/>
  <testcase classname="com.swagLabs.tests.CheckoutCompletepageTest" name="verifyCheckoutSuccessMessage" time="57.091"/>
  <testcase classname="com.swagLabs.tests.CheckoutPageTest" name="verifyCheckoutFunctionality" time="42.422">
    <failure type="java.lang.RuntimeException" message="java.lang.AssertionError: Expected URL &amp;apos;https://www.saucedemo.com/checkout-complete.html&amp;apos; does not match Actual URL &amp;apos;https://www.saucedemo.com/checkout-step-two.html&amp;apos; for &amp;apos;pass&amp;apos; condition. expected [https://www.saucedemo.com/checkout-complete.html] but found [https://www.saucedemo.com/checkout-step-two.html]">
      <![CDATA[java.lang.RuntimeException: java.lang.AssertionError: Expected URL 'https://www.saucedemo.com/checkout-complete.html' does not match Actual URL 'https://www.saucedemo.com/checkout-step-two.html' for 'pass' condition. expected [https://www.saucedemo.com/checkout-complete.html] but found [https://www.saucedemo.com/checkout-step-two.html]
at com.swagLabs.utilities.ExceptionHandler.handleException(ExceptionHandler.java:16)
at com.swagLabs.tests.CheckoutPageTest.verifyCheckoutFunctionality(CheckoutPageTest.java:77)
at java.base/java.util.ArrayList.forEach(ArrayList.java:1511)
Caused by: java.lang.AssertionError: Expected URL 'https://www.saucedemo.com/checkout-complete.html' does not match Actual URL 'https://www.saucedemo.com/checkout-step-two.html' for 'pass' condition. expected [https://www.saucedemo.com/checkout-complete.html] but found [https://www.saucedemo.com/checkout-step-two.html]
at com.swagLabs.utilities.Validator.verifyUrl(Validator.java:14)
at com.swagLabs.tests.CheckoutPageTest.verifyCheckoutFunctionality(CheckoutPageTest.java:70)
... 28 more
... Removed 32 stack frames]]>
    </failure>
  </testcase> <!-- verifyCheckoutFunctionality -->
  <testcase classname="com.swagLabs.tests.CheckoutPageTest" name="verifyCheckoutFunctionality" time="51.859"/>
  <testcase classname="com.swagLabs.tests.LoginPageTest" name="checkLoginFunctionality" time="9.258"/>
  <testcase classname="com.swagLabs.tests.LoginPageTest" name="checkLoginFunctionality" time="4.014">
    <failure type="java.lang.RuntimeException" message="java.lang.AssertionError: Expected URL &amp;apos;https://www.saucedemo.com/inventory.html&amp;apos; does not match Actual URL &amp;apos;https://www.saucedemo.com/&amp;apos; for &amp;apos;pass&amp;apos; condition. expected [https://www.saucedemo.com/inventory.html] but found [https://www.saucedemo.com/]">
      <![CDATA[java.lang.RuntimeException: java.lang.AssertionError: Expected URL 'https://www.saucedemo.com/inventory.html' does not match Actual URL 'https://www.saucedemo.com/' for 'pass' condition. expected [https://www.saucedemo.com/inventory.html] but found [https://www.saucedemo.com/]
at com.swagLabs.utilities.ExceptionHandler.handleException(ExceptionHandler.java:16)
at com.swagLabs.tests.LoginPageTest.checkLoginFunctionality(LoginPageTest.java:65)
at java.base/java.util.ArrayList.forEach(ArrayList.java:1511)
Caused by: java.lang.AssertionError: Expected URL 'https://www.saucedemo.com/inventory.html' does not match Actual URL 'https://www.saucedemo.com/' for 'pass' condition. expected [https://www.saucedemo.com/inventory.html] but found [https://www.saucedemo.com/]
at com.swagLabs.utilities.Validator.verifyUrl(Validator.java:14)
at com.swagLabs.tests.LoginPageTest.checkLoginFunctionality(LoginPageTest.java:61)
... 28 more
... Removed 32 stack frames]]>
    </failure>
  </testcase> <!-- checkLoginFunctionality -->
  <testcase classname="com.swagLabs.tests.LoginPageTest" name="checkLoginFunctionality" time="9.3"/>
  <testcase classname="com.swagLabs.tests.LoginPageTest" name="checkLoginFunctionality" time="14.464"/>
</testsuite> <!-- Test -->
