<?xml version="1.0" encoding="UTF-8"?>
<testng-results ignored="0" total="1" passed="1" failed="0" skipped="0">
  <reporter-output>
  </reporter-output>
  <suite started-at="2025-04-24T22:46:18 IST" name="Suite" finished-at="2025-04-24T22:47:45 IST" duration-ms="86603">
    <groups>
    </groups>
    <test started-at="2025-04-24T22:46:18 IST" name="Chrome Test" finished-at="2025-04-24T22:47:45 IST" duration-ms="86603">
      <class name="com.swagLabs.tests.NaukriProfileUpdateTest">
        <test-method signature="updateNaukriProfile()[pri:0, instance:com.swagLabs.tests.NaukriProfileUpdateTest@1b84f475]" started-at="2025-04-24T22:46:18 IST" name="updateNaukriProfile" finished-at="2025-04-24T22:47:45 IST" duration-ms="86534" status="PASS">
          <reporter-output>
          </reporter-output>
        </test-method> <!-- updateNaukriProfile -->
      </class> <!-- com.swagLabs.tests.NaukriProfileUpdateTest -->
    </test> <!-- Chrome Test -->
  </suite> <!-- Suite -->
</testng-results>
