<?xml version="1.0" encoding="UTF-8"?>
<testng-results ignored="0" total="1" passed="1" failed="0" skipped="0">
  <reporter-output>
  </reporter-output>
  <suite started-at="2024-11-03T14:05:47 IST" name="Default suite" finished-at="2024-11-03T14:08:09 IST" duration-ms="142204">
    <groups>
    </groups>
    <test started-at="2024-11-03T14:05:47 IST" name="Default test" finished-at="2024-11-03T14:08:09 IST" duration-ms="142204">
      <class name="testCase.NaukriProfileUpdate">
        <test-method signature="updateNaukriProfile()[pri:0, instance:testCase.NaukriProfileUpdate@1bb5a082]" started-at="2024-11-03T14:05:47 IST" name="updateNaukriProfile" finished-at="2024-11-03T14:08:09 IST" duration-ms="142125" status="PASS">
          <reporter-output>
          </reporter-output>
        </test-method> <!-- updateNaukriProfile -->
      </class> <!-- testCase.NaukriProfileUpdate -->
    </test> <!-- Default test -->
  </suite> <!-- Default suite -->
</testng-results>
